Loading hdf5/1.10.5
  Loading requirement: flavor/hdf5/serial
 Missing expansion factor at root of trees, using default (1.0)
 Missing highest redshift in tree, using default (4.0)
 Parameters read from: ./pfop_satgen_1000_mixed_logmass.toml


 Task: DO NOT OUTPUT TREES
 Task: PROCESS FIRST ORDER TREES
   File path  : ./output_satgen_1000_mixed_logmass.hdf5
   Mass limit :    100000000.    

Sampling log mass range from ****** to ******
 Trees to generate                :       1000
 Target halo mass (Msol)          :  0.231E+12
 Expansion factor at root of tree :      1.000
 Maximum redshift for tree nodes  :      4.000
 Tree levels                      :         -1

 Using redshift list: /data/apcooper/projects/sgarrak/pchtrees/satgen_level_zred_100myr_z3_z12.txt
 Making tree:   1.22470584E+12
make_tree(): internal storage =   0.025 Mbytes
internal halo tree storage=   0.050 Mbytes
 Making tree:   1.22470584E+12
 Making tree:   1.62121567E+12
 Making tree:   1.92780357E+12
 Making tree:   5.04291394E+11
 Making tree:   6.59663684E+11
 Making tree:   3.51511413E+11
 Making tree:   2.26981472E+12
internal halo tree storage=   0.099 Mbytes
 Making tree:   2.26981472E+12
 Making tree:   1.87613839E+12
 Making tree:   9.37918530E+11
 Making tree:   6.69036708E+11
 Making tree:   8.07301677E+11
 Making tree:   4.36991885E+11
 Making tree:   1.55811761E+12
 Making tree:   2.61171855E+11
 Making tree:   3.99044903E+11
 shrink: nhalomax=      121242
 Making tree:   3.15835679E+11
 Making tree:   1.12923653E+12
 Making tree:   1.12923653E+12
 Making tree:   2.29195278E+12
 Making tree:   2.29195278E+12
 Making tree:   4.58227679E+11
 Making tree:   1.25416400E+12
 Making tree:   1.64356162E+12
 Making tree:   3.00740772E+11
 Making tree:   8.17633296E+11
 Making tree:   1.01781642E+12
 Making tree:   1.40226960E+12
 Making tree:   3.54889105E+11
 Making tree:   7.00062237E+11
 Making tree:   1.32282647E+12
 Making tree:   1.88046927E+12
 Making tree:   5.79272835E+11
 Making tree:   1.06993864E+12
 Making tree:   5.35410999E+11
 Making tree:   4.72613585E+11
 shrink: nhalomax=      121205
 Making tree:   1.25300231E+12
 Making tree:   1.25300231E+12
 Making tree:   7.06787607E+11
 Making tree:   1.76375792E+12
 Making tree:   1.76375792E+12
 Making tree:   4.15512101E+11
 Making tree:   1.42086426E+12
 Making tree:   3.31598627E+11
 Making tree:   6.34574471E+11
 Making tree:   3.42510338E+11
 Making tree:   9.68131281E+11
 Making tree:   3.16551528E+11
 Making tree:   2.75195298E+11
 shrink: nhalomax=      121167
 Making tree:   4.04657963E+11
 Making tree:   2.15268341E+12
 Making tree:   2.15268341E+12
 Making tree:   2.15268341E+12
 Making tree:   1.49975269E+12
 Making tree:   2.73147707E+11
 Making tree:   1.56815432E+12
 Making tree:   6.64305205E+11
 Making tree:   2.91984441E+11
 Making tree:   1.60057865E+12
 Making tree:   2.63325057E+11
 Making tree:   3.09425275E+11
 shrink: nhalomax=      121130
 Making tree:   3.47792966E+11
 Making tree:   6.98856505E+11
 Making tree:   3.71606749E+11
 Making tree:   3.47882324E+11
 Making tree:   8.51475104E+11
 Making tree:   8.26857882E+11
 Making tree:   4.46026482E+11
 Making tree:   5.24486345E+11
 Making tree:   1.64139762E+12
 Making tree:   1.64139762E+12
 Making tree:   4.79634162E+11
 Making tree:   6.81074688E+11
 Making tree:   8.51562988E+11
 Making tree:   6.28850950E+11
 Making tree:   5.81364023E+11
 Making tree:   5.24751307E+11
 Making tree:   1.26109300E+12
 Making tree:   5.73152625E+11
 Making tree:   1.27343736E+12
 Making tree:   9.45534730E+11
 Making tree:   4.47922799E+11
 Making tree:   1.03481344E+12
 Making tree:   6.02782892E+11
 Making tree:   7.53787208E+11
 Making tree:   3.76760238E+11
 Making tree:   9.81654438E+11
 Making tree:   2.19422864E+12
 Making tree:   2.19422864E+12
 Making tree:   3.40151566E+11
 Making tree:   2.45945893E+11
 shrink: nhalomax=      121092
 Making tree:   5.91850504E+11
 Making tree:   2.65989669E+11
 Making tree:   7.21222762E+11
 Making tree:   4.53181243E+11
 Making tree:   1.48064908E+12
 Making tree:   1.48064908E+12
 Making tree:   1.42381901E+12
 Making tree:   8.88700142E+11
 Making tree:   6.13414535E+11
 Making tree:   4.78106255E+11
 Making tree:   1.19069344E+12
 Making tree:   1.14866913E+12
 Making tree:   7.84467755E+11
 Making tree:   7.65300441E+11
 Making tree:   6.87229764E+11
 Making tree:   3.48453470E+11
 Making tree:   2.61912166E+11
 shrink: nhalomax=       85612
 Making tree:   1.72243236E+12
 Making tree:   1.72243236E+12
 Making tree:   1.72243236E+12
 Making tree:   1.72243236E+12
 Making tree:   6.45460656E+11
 Making tree:   2.13537640E+12
 Making tree:   5.63983614E+11
 Making tree:   1.28198089E+12
 Making tree:   3.40949500E+11
 Making tree:   1.27099575E+12
 Making tree:   5.22387522E+11
 Making tree:   1.07174691E+12
 Making tree:   1.51060047E+12
 Making tree:   2.84495151E+11
 Making tree:   7.77341108E+11
 Making tree:   2.35704484E+11
 Making tree:   2.16494716E+12
 Making tree:   5.54595844E+11
 Making tree:   7.92936841E+11
 Making tree:   1.52058816E+12
 Making tree:   2.28692538E+12
 Making tree:   9.07543839E+11
 Making tree:   1.34169585E+12
 Making tree:   1.52336885E+12
 Making tree:   7.26517547E+11
 Making tree:   1.11328179E+12
 Making tree:   1.71588243E+12
 Making tree:   7.54701435E+11
 Making tree:   4.00489841E+11
 Making tree:   4.21403066E+11
 shrink: nhalomax=      121017
 Making tree:   1.07270046E+12
 Making tree:   8.88027152E+11
 Making tree:   1.03422506E+12
 Making tree:   2.51562131E+11
 Making tree:   2.14389005E+12
 Making tree:   2.14389005E+12
 Making tree:   2.14389005E+12
 Making tree:   1.01199741E+12
 Making tree:   9.02422659E+11
 Making tree:   1.77680391E+12
 Making tree:   3.24571628E+11
 Making tree:   6.76908827E+11
 Making tree:   2.24586760E+12
 Making tree:   8.64613368E+11
 Making tree:   2.12391900E+12
 Making tree:   1.04827309E+12
 Making tree:   8.89908953E+11
 Making tree:   9.23003388E+11
 Making tree:   5.90596407E+11
 Making tree:   8.22347301E+11
 Making tree:   3.67187591E+11
 Making tree:   5.86580623E+11
 Making tree:   7.06294252E+11
 Making tree:   3.28910275E+11
 Making tree:   2.96452620E+11
 shrink: nhalomax=      120980
 Making tree:   3.55200991E+11
 Making tree:   4.52081943E+11
 Making tree:   8.98193883E+11
 Making tree:   1.17822705E+12
 Making tree:   1.17822705E+12
 Making tree:   1.10454715E+12
 Making tree:   1.97907841E+12
 Making tree:   1.97907841E+12
 Making tree:   2.87810388E+11
 Making tree:   4.14757290E+11
 shrink: nhalomax=      120942
 Making tree:   1.70369142E+12
 Making tree:   1.70369142E+12
 Making tree:   1.70369142E+12
 Making tree:   3.49338337E+11
 Making tree:   1.77688202E+12
 Making tree:   6.95764910E+11
 Making tree:   1.48028155E+12
 Making tree:   5.05143689E+11
 Making tree:   2.77933654E+11
 shrink: nhalomax=      120904
 Making tree:   8.89973506E+11
 Making tree:   2.67697160E+11
 Making tree:   1.48847618E+12
 Making tree:   1.48847618E+12
 Making tree:   3.08708573E+11
 Making tree:   4.89513845E+11
 Making tree:   2.20232889E+12
 Making tree:   2.20232889E+12
 Making tree:   3.11779721E+11
 Making tree:   3.85850540E+11
 shrink: nhalomax=      120867
 Making tree:   5.75612125E+11
 Making tree:   8.41866805E+11
 Making tree:   5.33793309E+11
 Making tree:   1.54438310E+12
 Making tree:   1.54438310E+12
 Making tree:   4.38875783E+11
 Making tree:   6.35804713E+11
 Making tree:   4.38675374E+11
 Making tree:   1.69662048E+12
 Making tree:   1.69662048E+12
 Making tree:   2.09150725E+12
 Making tree:   8.46662926E+11
 Making tree:   2.46814786E+11
 Making tree:   1.43950650E+12
 Making tree:   1.35511789E+12
 Making tree:   2.13958669E+12
 Making tree:   8.15017886E+11
 Making tree:   1.33965572E+12
 Making tree:   1.26152226E+12
 Making tree:   7.26512763E+11
 Making tree:   2.76110508E+11
 Making tree:   3.82571119E+11
 shrink: nhalomax=      120829
 Making tree:   2.16642145E+12
 Making tree:   2.16642145E+12
 Making tree:   2.16642145E+12
 Making tree:   1.99724014E+12
 Making tree:   1.20112952E+12
 Making tree:   1.21995487E+12
 Making tree:   5.40246082E+11
 Making tree:   6.26719719E+11
 Making tree:   1.27373672E+12
 Making tree:   1.47054264E+12
 Making tree:   9.83846945E+11
 Making tree:   1.24449902E+12
 Making tree:   1.74407339E+12
 Making tree:   3.29037414E+11
 Making tree:   1.67610548E+12
 Making tree:   3.06365202E+11
 Making tree:   2.74904154E+11
 shrink: nhalomax=      120792
 Making tree:   1.83434949E+12
 Making tree:   1.83434949E+12
 Making tree:   1.83434949E+12
 Making tree:   3.28641708E+11
 Making tree:   9.93772110E+11
 Making tree:   4.67876970E+11
 Making tree:   9.88110127E+11
 Making tree:   1.17617708E+12
 Making tree:   2.42784256E+11
 Making tree:   3.24957471E+11
 shrink: nhalomax=      120754
 Making tree:   1.72808851E+12
 Making tree:   1.72808851E+12
 Making tree:   1.72808851E+12
 Making tree:   6.97032638E+11
 Making tree:   9.16648886E+11
 Making tree:   9.34830146E+11
 Making tree:   1.26341297E+12
 Making tree:   3.47725005E+11
 Making tree:   1.70723797E+12
 Making tree:   1.12458675E+12
 Making tree:   6.66059538E+11
 Making tree:   1.50446958E+12
 Making tree:   8.87243604E+11
 Making tree:   2.37641974E+11
 Making tree:   5.46754068E+11
 shrink: nhalomax=      120717
 Making tree:   6.60833698E+11
 Making tree:   7.32672885E+11
 Making tree:   1.60710132E+12
 Making tree:   1.60710132E+12
 Making tree:   1.81050252E+12
 Making tree:   1.81050252E+12
 Making tree:   1.54260026E+12
 Making tree:   1.03964665E+12
 Making tree:   1.92581075E+12
 Making tree:   3.50381670E+11
 Making tree:   3.07439436E+11
 shrink: nhalomax=      120679
 Making tree:   3.05935614E+11
 Making tree:   2.08315587E+12
 Making tree:   2.08315587E+12
 Making tree:   2.08315587E+12
 Making tree:   2.98760831E+11
 Making tree:   1.86784298E+12
 Making tree:   2.08459281E+12
 Making tree:   2.58067120E+11
 Making tree:   3.33457719E+11
 shrink: nhalomax=      120642
 Making tree:   8.82132386E+11
 Making tree:   1.73902909E+12
 Making tree:   1.73902909E+12
 Making tree:   1.73902909E+12
 Making tree:   8.47455322E+11
 Making tree:   2.04733402E+12
 Making tree:   9.36700019E+11
 Making tree:   3.15062616E+11
 Making tree:   9.43174844E+11
 Making tree:   2.52222013E+11
 Making tree:   1.37460489E+12
 Making tree:   1.00688141E+12
 Making tree:   1.93187178E+12
 Making tree:   7.87680199E+11
 Making tree:   3.65008191E+11
 Making tree:   1.05122601E+12
 Making tree:   2.49234063E+11
 Making tree:   4.09452577E+11
 shrink: nhalomax=      120605
 Making tree:   3.65541589E+11
 Making tree:   8.93447176E+11
 Making tree:   2.08114418E+12
 Making tree:   2.08114418E+12
 Making tree:   2.08114418E+12
 Making tree:   3.65934313E+11
 Making tree:   4.48874938E+11
 shrink: nhalomax=      120568
 Making tree:   1.69641181E+12
 Making tree:   1.69641181E+12
 Making tree:   1.69641181E+12
 Making tree:   1.26319932E+12
 Making tree:   3.91026311E+11
 Making tree:   3.25676106E+11
 shrink: nhalomax=      120531
 Making tree:   4.93841187E+11
 Making tree:   1.84282395E+12
 Making tree:   1.84282395E+12
 Making tree:   1.84282395E+12
 Making tree:   4.12432269E+11
 Making tree:   1.30561514E+12
 Making tree:   1.86389732E+12
 Making tree:   1.39763987E+12
 Making tree:   8.98698969E+11
 Making tree:   2.28648839E+12
 Making tree:   2.28648839E+12
 Making tree:   2.14933923E+12
 Making tree:   1.83727633E+12
 Making tree:   3.50454743E+11
 Making tree:   1.14439671E+12
 Making tree:   1.62189568E+12
 Making tree:   4.80850084E+11
 Making tree:   9.87036647E+11
 Making tree:   1.19128706E+12
 Making tree:   1.72419200E+12
 Making tree:   1.18839994E+12
 Making tree:   7.46594894E+11
 Making tree:   1.02530436E+12
 Making tree:   1.66870909E+12
 Making tree:   4.61618086E+11
 Making tree:   6.75975987E+11
 shrink: nhalomax=      170378
 Making tree:   7.45624961E+11
 Making tree:   1.35669599E+12
 Making tree:   1.07525223E+12
 Making tree:   4.04778844E+11
 Making tree:   1.46213529E+12
 Making tree:   1.41524677E+12
 Making tree:   1.21765311E+12
 Making tree:   1.97977833E+12
 Making tree:   1.97977833E+12
 Making tree:   1.25138279E+12
 Making tree:   3.15708768E+11
 Making tree:   1.81230843E+12
 Making tree:   5.93362616E+11
 Making tree:   1.68100784E+12
 Making tree:   2.18714761E+12
 Making tree:   1.52618808E+12
 Making tree:   6.08685982E+11
 Making tree:   1.49105410E+12
 Making tree:   6.17566503E+11
 Making tree:   3.04579543E+11
 Making tree:   2.93685264E+11
 shrink: nhalomax=      120457
 Making tree:   1.33231555E+12
 Making tree:   1.33231555E+12
 Making tree:   1.77382556E+12
 Making tree:   1.77382556E+12
 Making tree:   9.18214279E+11
 Making tree:   2.44394852E+11
 Making tree:   9.75954248E+11
 Making tree:   2.06701160E+12
 Making tree:   4.23774945E+11
 Making tree:   4.38499115E+11
 shrink: nhalomax=      120420
 Making tree:   1.08947944E+12
 Making tree:   3.87649307E+11
 Making tree:   1.24719373E+12
 Making tree:   1.24719373E+12
 Making tree:   2.46863577E+11
 Making tree:   2.80898404E+11
 shrink: nhalomax=       85136
 Making tree:   1.66931386E+12
 Making tree:   1.66931386E+12
 Making tree:   1.66931386E+12
 Making tree:   1.66931386E+12
 Making tree:   4.44339192E+11
 Making tree:   3.03029813E+11
 shrink: nhalomax=      120345
 Making tree:   3.32495454E+11
 Making tree:   1.08276797E+12
 Making tree:   9.15373621E+11
 Making tree:   1.73184936E+12
 Making tree:   1.73184936E+12
 Making tree:   1.73184936E+12
 Making tree:   2.02840932E+12
 Making tree:   2.77432402E+11
 Making tree:   1.83030986E+12
 Making tree:   4.04884619E+11
 Making tree:   1.45422313E+12
 Making tree:   6.29930394E+11
 Making tree:   2.51580350E+11
 Making tree:   5.82601146E+11
 Making tree:   4.93634093E+11
 Making tree:   1.25576243E+12
 Making tree:   3.08482245E+11
 Making tree:   3.49122855E+11
 shrink: nhalomax=      120308
 Making tree:   1.15449804E+12
 Making tree:   1.15449804E+12
 Making tree:   5.56293685E+11
 Making tree:   1.92059094E+12
 Making tree:   1.92059094E+12
 Making tree:   2.10789374E+12
 Making tree:   1.83876557E+12
 Making tree:   1.95733029E+12
 Making tree:   1.16047623E+12
 Making tree:   5.89682770E+11
 Making tree:   2.63834386E+11
 Making tree:   5.80882924E+11
 Making tree:   6.35309261E+11
 Making tree:   3.17590340E+11
 Making tree:   7.16792398E+11
 Making tree:   2.11410079E+12
 Making tree:   7.45819865E+11
 Making tree:   1.10362585E+12
 Making tree:   2.26282255E+12
 Making tree:   1.44188873E+12
 Making tree:   2.57332036E+11
 Making tree:   7.88968112E+11
 Making tree:   3.39368935E+11
 Making tree:   1.06062375E+12
 Making tree:   1.37685238E+12
 Making tree:   2.56061489E+11
 Making tree:   2.42048057E+11
 shrink: nhalomax=      120271
 Making tree:   1.12540936E+12
 Making tree:   1.13811390E+12
 Making tree:   1.13811390E+12
 Making tree:   3.48765782E+11
 Making tree:   2.22647655E+12
 Making tree:   2.22647655E+12
 Making tree:   2.22647655E+12
 Making tree:   2.98042032E+11
 Making tree:   3.99720186E+11
 shrink: nhalomax=      170011
 Making tree:   7.36800014E+11
 Making tree:   7.28813732E+11
 Making tree:   1.35049563E+12
 Making tree:   1.93947186E+12
 Making tree:   1.93947186E+12
 Making tree:   2.72519823E+11
 Making tree:   2.98485416E+11
 shrink: nhalomax=      120197
 Making tree:   1.29782579E+12
 Making tree:   1.29782579E+12
 Making tree:   1.62604306E+12
 Making tree:   2.59975397E+11
 Making tree:   8.28251701E+11
 Making tree:   2.44326154E+11
 Making tree:   3.00227428E+11
 shrink: nhalomax=       84979
 Making tree:   1.60037837E+12
 Making tree:   1.60037837E+12
 Making tree:   1.60037837E+12
 Making tree:   1.60037837E+12
 Making tree:   4.23202095E+11
 Making tree:   7.91286120E+11
 Making tree:   8.07654457E+11
 Making tree:   7.40974789E+11
 Making tree:   1.22229581E+12
 Making tree:   7.41573788E+11
 Making tree:   1.03601170E+12
 Making tree:   2.85282763E+11
 Making tree:   8.23863804E+11
 Making tree:   8.21305999E+11
 Making tree:   1.88363086E+12
 Making tree:   1.49059246E+12
 Making tree:   2.19285592E+12
 Making tree:   1.19310923E+12
 Making tree:   1.00648570E+12
 Making tree:   1.41591210E+12
 Making tree:   1.03695168E+12
 Making tree:   9.60206537E+11
 Making tree:   8.81996792E+11
 Making tree:   5.83191233E+11
 Making tree:   9.41015040E+11
 Making tree:   6.82416013E+11
 Making tree:   4.00783704E+11
 Making tree:   6.98451493E+11
 Making tree:   1.90564781E+12
 Making tree:   9.29222296E+11
 Making tree:   1.17191030E+12
 Making tree:   1.45885443E+12
 Making tree:   3.33655474E+11
 Making tree:   2.14815487E+12
 Making tree:   7.75040139E+11
 Making tree:   8.23055483E+11
 Making tree:   1.46794532E+12
 Making tree:   2.10496127E+12
 Making tree:   1.87139018E+12
 Making tree:   3.96029723E+11
 Making tree:   9.09524992E+11
 Making tree:   1.19295456E+12
 Making tree:   1.11208458E+12
 Making tree:   4.50605187E+11
 Making tree:   1.89031042E+12
 Making tree:   2.76901069E+11
 Making tree:   1.18031162E+12
 Making tree:   4.35978764E+11
 Making tree:   3.09504770E+11
 shrink: nhalomax=      120123
 Making tree:   2.01545797E+12
 Making tree:   2.01545797E+12
 Making tree:   2.01545797E+12
 Making tree:   2.65034072E+11
 Making tree:   1.26732809E+12
 Making tree:   1.94482851E+12
 Making tree:   2.90866430E+11
 Making tree:   2.24295492E+12
 Making tree:   2.24295492E+12
 Making tree:   1.46184641E+12
 Making tree:   2.52071969E+11
 Making tree:   1.00243603E+12
 Making tree:   1.17335746E+12
 Making tree:   5.02772138E+11
 Making tree:   7.88554121E+11
 Making tree:   2.13943163E+12
 Making tree:   6.81010397E+11
 Making tree:   1.35012195E+12
 Making tree:   1.40398887E+12
 Making tree:   1.41470610E+12
 Making tree:   5.32556939E+11
 Making tree:   2.00578000E+12
 Making tree:   2.63494533E+11
 Making tree:   4.28619071E+11
 shrink: nhalomax=      169801
 Making tree:   1.39525109E+12
 Making tree:   1.27765578E+12
 Making tree:   2.52656058E+11
 Making tree:   6.11171828E+11
 Making tree:   5.61249518E+11
 Making tree:   1.36797107E+12
 Making tree:   3.71193283E+11
 Making tree:   1.65202140E+12
 Making tree:   1.65202140E+12
 Making tree:   9.23585217E+11
 Making tree:   9.97015814E+11
 Making tree:   2.39592227E+11
 Making tree:   1.19477921E+12
 Making tree:   1.53963227E+12
 Making tree:   4.64351920E+11
 Making tree:   1.62911669E+12
 Making tree:   6.12146938E+11
 Making tree:   1.84944008E+12
 Making tree:   1.03531119E+12
 Making tree:   5.56617499E+11
 Making tree:   5.62692162E+11
 Making tree:   1.32022626E+12
 Making tree:   1.83617520E+12
 Making tree:   1.22935365E+12
 Making tree:   3.31573854E+11
 Making tree:   2.69274268E+11
 shrink: nhalomax=      120049
 Making tree:   4.20487037E+11
 Making tree:   2.87250973E+11
 Making tree:   1.98472316E+12
 Making tree:   1.98472316E+12
 Making tree:   1.98472316E+12
 Making tree:   6.83878646E+11
 Making tree:   9.15809894E+11
 Making tree:   3.81521592E+11
 Making tree:   4.51826876E+11
 shrink: nhalomax=      120012
 Making tree:   4.98130190E+11
 Making tree:   5.44579256E+11
 Making tree:   1.25070973E+12
 Making tree:   1.25070973E+12
 Making tree:   2.69843104E+11
 Making tree:   3.10386852E+11
 shrink: nhalomax=       84848
 Making tree:   2.72642523E+11
 Making tree:   1.20912151E+12
 Making tree:   1.20912151E+12
 Making tree:   1.20912151E+12
 Making tree:   3.72818084E+11
 Making tree:   7.88803486E+11
 Making tree:   5.63258327E+11
 Making tree:   4.15687311E+11
 Making tree:   5.76659653E+11
 Making tree:   2.27707349E+12
 Making tree:   2.27707349E+12
 Making tree:   9.88498559E+11
 Making tree:   1.77405152E+12
 Making tree:   1.47181876E+12
 Making tree:   4.16506020E+11
 Making tree:   8.82250547E+11
 Making tree:   4.99547668E+11
 Making tree:   6.10361737E+11
 Making tree:   2.15687561E+12
 Making tree:   1.51459961E+12
 Making tree:   1.15733076E+12
 Making tree:   4.51894378E+11
 Making tree:   2.34881942E+11
 shrink: nhalomax=      119938
 Making tree:   2.17897409E+12
 Making tree:   2.17897409E+12
 Making tree:   2.17897409E+12
 Making tree:   9.64937056E+11
 Making tree:   2.90728509E+11
 Making tree:   3.70928452E+11
 shrink: nhalomax=      119901
 Making tree:   5.57107839E+11
 Making tree:   8.43285922E+11
 Making tree:   1.12174052E+12
 Making tree:   1.12174052E+12
 Making tree:   9.10240252E+11
 Making tree:   2.86999380E+11
 Making tree:   2.22269538E+12
 Making tree:   2.22269538E+12
 Making tree:   2.22269538E+12
 Making tree:   4.61425508E+11
 Making tree:   1.00677970E+12
 Making tree:   1.72566918E+12
 Making tree:   2.19996514E+12
 Making tree:   2.73383522E+11
 Making tree:   2.56371491E+11
 shrink: nhalomax=      169488
 Making tree:   1.09311479E+12
 Making tree:   1.54531607E+12
 Making tree:   1.05097901E+12
 Making tree:   1.91114183E+12
 Making tree:   1.91114183E+12
 Making tree:   3.38445369E+11
 Making tree:   1.44628384E+12
 Making tree:   1.52217833E+12
 Making tree:   5.57629243E+11
 Making tree:   5.02953214E+11
 Making tree:   1.88115072E+12
 Making tree:   1.89559787E+12
 Making tree:   3.75862002E+11
 Making tree:   1.57024243E+12
 Making tree:   3.86920448E+11
 Making tree:   4.59688018E+11
 shrink: nhalomax=      119828
 Making tree:   1.01736953E+12
 Making tree:   1.63309250E+12
 Making tree:   1.63309250E+12
 Making tree:   5.92746643E+11
 Making tree:   8.19078103E+11
 Making tree:   8.83501040E+11
 Making tree:   3.83751586E+11
 Making tree:   6.48832877E+11
 Making tree:   2.94316671E+11
 Making tree:   5.91960998E+11
 Making tree:   1.31621716E+12
 Making tree:   1.15518013E+12
 Making tree:   2.05954928E+12
 Making tree:   2.05954928E+12
 Making tree:   3.10183789E+11
 Making tree:   5.28159343E+11
 shrink: nhalomax=      119791
 Making tree:   3.09928460E+11
 Making tree:   6.93332279E+11
 Making tree:   4.18682044E+11
 Making tree:   4.09200001E+11
 Making tree:   1.47775488E+12
 Making tree:   1.47775488E+12
 Making tree:   4.23199310E+11
 Making tree:   6.95234986E+11
 Making tree:   3.69298113E+11
 Making tree:   1.60269953E+12
 Making tree:   1.60269953E+12
 Making tree:   3.44850629E+11
 Making tree:   1.04550295E+12
 Making tree:   1.51292425E+12
 Making tree:   2.64366195E+11
 Making tree:   9.56424978E+11
 Making tree:   1.05302118E+12
 Making tree:   5.56354765E+11
 Making tree:   1.43819211E+12
 Making tree:   1.05823679E+12
 Making tree:   3.89279449E+11
 Making tree:   3.34545420E+11
 shrink: nhalomax=      119754
 Making tree:   1.33770668E+12
 Making tree:   1.33770668E+12
 Making tree:   3.10929162E+11
 Making tree:   3.91733641E+11
 shrink: nhalomax=       84666
 Making tree:   1.14523636E+12
 Making tree:   1.14523636E+12
 Making tree:   1.14523636E+12
 Making tree:   1.52884137E+12
 Making tree:   1.53347450E+12
 Making tree:   7.75823426E+11
 Making tree:   1.51711279E+12
 Making tree:   1.82672412E+12
 Making tree:   1.82672412E+12
 Making tree:   8.36695359E+11
 Making tree:   2.78790636E+11
 Making tree:   5.83853670E+11
 Making tree:   1.83712691E+12
 Making tree:   6.00734695E+11
 Making tree:   2.45576221E+11
 Making tree:   1.82004141E+12
 Making tree:   4.95480308E+11
 Making tree:   5.17628133E+11
 shrink: nhalomax=      119680
 Making tree:   1.91280867E+12
 Making tree:   1.91280867E+12
 Making tree:   1.91280867E+12
 Making tree:   1.25642159E+12
 Making tree:   8.53719908E+11
 Making tree:   6.05930783E+11
 Making tree:   2.61049729E+11
 Making tree:   1.71099868E+12
 Making tree:   2.13876474E+12
 Making tree:   1.09924332E+12
 Making tree:   1.03672172E+12
 Making tree:   2.38168048E+11
 Making tree:   7.07141566E+11
 Making tree:   3.89891097E+11
 Making tree:   5.47510977E+11
 Making tree:   1.40137071E+12
 Making tree:   9.32550148E+11
 Making tree:   5.65891564E+11
 Making tree:   3.26584926E+11
 Making tree:   1.71094232E+12
 Making tree:   1.09689713E+12
 Making tree:   2.50212352E+11
 Making tree:   1.79516604E+12
 Making tree:   5.89586956E+11
 Making tree:   1.12026360E+12
 Making tree:   5.09181886E+11
 Making tree:   6.37075128E+11
 Making tree:   2.48115167E+11
 Making tree:   2.46099329E+11
 shrink: nhalomax=      119643
 Making tree:   1.32629647E+12
 Making tree:   1.32629647E+12
 Making tree:   1.98402153E+12
 Making tree:   1.98402153E+12
 Making tree:   2.46921576E+11
 Making tree:   5.10737318E+11
 shrink: nhalomax=      119606
 Making tree:   1.81194234E+12
 Making tree:   1.81194234E+12
 Making tree:   1.81194234E+12
 Making tree:   4.43387904E+11
 Making tree:   1.00902175E+12
 Making tree:   1.96783296E+12
 Making tree:   8.36392255E+11
 Making tree:   2.53510795E+11
 Making tree:   6.75803824E+11
 Making tree:   5.21986179E+11
 Making tree:   1.41588090E+12
 Making tree:   2.42762400E+11
 Making tree:   6.96856674E+11
 Making tree:   1.41186328E+12
 Making tree:   5.31044631E+11
 Making tree:   7.47541496E+11
 Making tree:   3.73069513E+11
 Making tree:   1.13673765E+12
 Making tree:   2.41093738E+11
 Making tree:   2.14019290E+12
 Making tree:   1.37883130E+12
 Making tree:   1.79524875E+12
 Making tree:   1.05810670E+12
 Making tree:   1.70843439E+12
 Making tree:   1.02696282E+12
 Making tree:   2.62883639E+11
 Making tree:   2.76687127E+11
 shrink: nhalomax=      119569
 Making tree:   9.16238369E+11
 Making tree:   1.79771435E+12
 Making tree:   1.79771435E+12
 Making tree:   1.79771435E+12
 Making tree:   2.52066431E+11
 Making tree:   3.16593930E+11
 shrink: nhalomax=      119532
 Making tree:   3.54547171E+11
 Making tree:   3.52446644E+11
 Making tree:   1.04680777E+12
 Making tree:   1.51199770E+12
 Making tree:   1.51199770E+12
 Making tree:   1.54493256E+12
 Making tree:   9.24230418E+11
 Making tree:   1.01342065E+12
 Making tree:   1.01116884E+12
 Making tree:   1.04002571E+12
 Making tree:   6.08119554E+11
 Making tree:   3.48563669E+11
 Making tree:   3.46460553E+11
 shrink: nhalomax=       84509
 Making tree:   2.70171587E+11
 Making tree:   1.08081296E+12
 Making tree:   1.08081296E+12
 Making tree:   3.37868390E+11
 Making tree:   1.77817400E+12
 Making tree:   1.77817400E+12
 Making tree:   1.77817400E+12
 Making tree:   3.02433501E+11
 Making tree:   2.25777969E+12
 Making tree:   2.25777969E+12
 Making tree:   4.91129962E+11
 Making tree:   1.44524889E+12
 Making tree:   8.51927761E+11
 Making tree:   1.99770951E+12
 Making tree:   4.45625106E+11
 Making tree:   1.35955900E+12
 Making tree:   1.46607702E+12
 Making tree:   1.14380623E+12
 Making tree:   1.96686525E+12
 Making tree:   1.17120028E+12
 Making tree:   8.17200693E+11
 Making tree:   1.17280879E+12
 Making tree:   5.85863594E+11
 Making tree:   1.84825453E+12
 Making tree:   1.37132455E+12
 Making tree:   5.01662679E+11
 Making tree:   3.48720595E+11
 shrink: nhalomax=      168913
 Making tree:   8.98103181E+11
 Making tree:   4.56282735E+11
 Making tree:   8.19839238E+11
 Making tree:   3.16325691E+11
 Making tree:   9.60134840E+11
 Making tree:   5.01126496E+11
 Making tree:   7.21181606E+11
 Making tree:   3.56311859E+11
 Making tree:   1.53546601E+12
 Making tree:   4.62404321E+11
 Making tree:   2.76270023E+11
 Making tree:   1.37689170E+12
 Making tree:   9.83404184E+11
 Making tree:   1.04306075E+12
 Making tree:   1.68070873E+12
 Making tree:   1.68070873E+12
 Making tree:   6.99513635E+11
 Making tree:   1.61391968E+12
 Making tree:   4.18580005E+11
 Making tree:   3.22437644E+11
 shrink: nhalomax=      119421
 Making tree:   9.56464890E+11
 Making tree:   3.50739628E+11
 Making tree:   5.96479705E+11
 Making tree:   4.11572765E+11
 Making tree:   2.82341147E+11
 Making tree:   4.13629481E+11
 Making tree:   4.12864479E+11
 Making tree:   9.64339696E+11
 Making tree:   1.24579506E+12
 Making tree:   1.24579506E+12
 Making tree:   3.93091678E+11
 Making tree:   6.99008418E+11
 Making tree:   4.35148554E+11
 Making tree:   1.63393910E+12
 Making tree:   3.35193965E+11
 Making tree:   1.71340123E+12
 Making tree:   1.71340123E+12
 Making tree:   1.10366713E+12
 Making tree:   5.80148658E+11
 Making tree:   1.96778105E+12
 Making tree:   2.44234977E+11
 Making tree:   4.09764692E+11
 shrink: nhalomax=      119384
 Making tree:   7.41391466E+11
 Making tree:   2.12176064E+12
 Making tree:   2.12176064E+12
 Making tree:   2.12176064E+12
 Making tree:   1.46626052E+12
 Making tree:   7.72191289E+11
 Making tree:   6.72777306E+11
 Making tree:   1.84472279E+12
 Making tree:   3.69269735E+11
 Making tree:   2.19429129E+12
 Making tree:   5.24711002E+11
 Making tree:   4.69168161E+11
 shrink: nhalomax=      119347
 Making tree:   5.22118005E+11
 Making tree:   4.34048205E+11
 Making tree:   7.82867366E+11
 Making tree:   3.47335033E+11
 Making tree:   2.05662978E+12
 Making tree:   2.05662978E+12
 Making tree:   2.05662978E+12
 Making tree:   5.96033208E+11
 Making tree:   1.40993941E+12
 Making tree:   1.32301233E+12
 Making tree:   9.17543059E+11
 Making tree:   2.78936355E+11
 Making tree:   1.32586262E+12
 Making tree:   3.44292229E+11
 Making tree:   1.72606711E+12
 Making tree:   8.84141457E+11
 Making tree:   3.55217375E+11
 Making tree:   2.08656204E+12
 Making tree:   2.29589176E+12
 Making tree:   6.70896292E+11
 Making tree:   8.81216586E+11
 Making tree:   3.54523808E+11
 Making tree:   1.61760621E+12
 Making tree:   1.44657285E+12
 Making tree:   3.04566862E+11
 Making tree:   2.47959388E+11
 shrink: nhalomax=      119310
 Making tree:   5.30353586E+11
 Making tree:   1.01543444E+12
 Making tree:   1.02588541E+12
 Making tree:   3.00628541E+11
 Making tree:   6.71269126E+11
 Making tree:   1.13808887E+12
 Making tree:   1.13808887E+12
 Making tree:   5.94341986E+11
 Making tree:   1.02517604E+12
 Making tree:   6.65517097E+11
 Making tree:   2.45963719E+11
 Making tree:   1.11702114E+12
 Making tree:   9.86206831E+11
 Making tree:   4.36482605E+11
 Making tree:   2.54150132E+11
 Making tree:   3.37340531E+11
 shrink: nhalomax=       84352
 Making tree:   3.73338309E+11
 Making tree:   1.96788486E+12
 Making tree:   1.96788486E+12
 Making tree:   1.96788486E+12
 Making tree:   1.96788486E+12
 Making tree:   1.15103760E+12
 Making tree:   6.71289770E+11
 Making tree:   6.01968083E+11
 Making tree:   1.97419100E+12
 Making tree:   2.06114639E+12
 Making tree:   7.70978087E+11
 Making tree:   1.05685739E+12
 Making tree:   5.42094000E+11
 Making tree:   9.06741088E+11
 Making tree:   7.74329074E+11
 Making tree:   3.23922297E+11
 Making tree:   1.47749850E+12
 Making tree:   5.74263722E+11
 Making tree:   8.62839964E+11
 Making tree:   3.73459649E+11
 Making tree:   2.80990941E+11
 shrink: nhalomax=      119236
 Making tree:   1.61196815E+12
 Making tree:   1.61196815E+12
 Making tree:   1.61196815E+12
 Making tree:   2.20713137E+12
 Making tree:   1.13871133E+12
 Making tree:   6.51903369E+11
 Making tree:   1.81333551E+12
 Making tree:   3.91706968E+11
 Making tree:   2.05937299E+12
 Making tree:   2.30841883E+12
 Making tree:   2.30841883E+12
 Making tree:   1.79776179E+12
 Making tree:   4.94153597E+11
 Making tree:   1.15320829E+12
 Making tree:   1.54036286E+12
 Making tree:   2.88807518E+11
 Making tree:   4.24356970E+11
 shrink: nhalomax=      168547
 Making tree:   6.30911926E+11
 Making tree:   2.52707668E+11
 Making tree:   4.47664161E+11
 Making tree:   2.49242829E+11
 Making tree:   1.71577691E+12
 Making tree:   1.71577691E+12
 Making tree:   1.03882739E+12
 Making tree:   2.56702185E+11
 Making tree:   6.82206298E+11
 Making tree:   6.02448069E+11
 Making tree:   7.85515807E+11
 Making tree:   3.56943069E+11
 Making tree:   1.40489248E+12
 Making tree:   6.15222149E+11
 Making tree:   2.47967564E+11
 Making tree:   8.02462368E+11
 Making tree:   5.72792766E+11
 Making tree:   2.26930144E+12
 Making tree:   2.26930144E+12
 Making tree:   3.63902927E+11
 Making tree:   3.41587984E+11
 shrink: nhalomax=      168495
 Making tree:   5.29591304E+11
 Making tree:   2.30346169E+12
 Making tree:   2.30346169E+12
 Making tree:   1.36480856E+12
 Making tree:   8.98229404E+11
 Making tree:   2.26976989E+12
 Making tree:   2.26976989E+12
 Making tree:   1.91058372E+12
 Making tree:   1.79911236E+12
 Making tree:   5.85230975E+11
 Making tree:   2.44201718E+11
 shrink: nhalomax=      168443
 Making tree:   9.35513948E+11
 Making tree:   1.70050322E+12
 Making tree:   1.70050322E+12
 Making tree:   2.19685624E+12
 Making tree:   1.15418622E+12
 Making tree:   1.48112697E+12
 Making tree:   3.22123432E+11
 Making tree:   3.28742765E+11
 shrink: nhalomax=      119089
 Making tree:   4.23413088E+11
 Making tree:   4.32329294E+11
 Making tree:   4.70145892E+11
 Making tree:   1.17728307E+12
 Making tree:   1.17728307E+12
 Making tree:   2.71012381E+11
 Making tree:   1.69304392E+12
 Making tree:   1.69304392E+12
 Making tree:   2.01013631E+12
 Making tree:   7.16872745E+11
 Making tree:   7.43264420E+11
 Making tree:   1.93428718E+12
 Making tree:   8.35678110E+11
 Making tree:   1.50186531E+12
 Making tree:   2.13240093E+12
 Making tree:   1.67335821E+12
 Making tree:   3.46986643E+11
 Making tree:   6.92971569E+11
 Making tree:   3.83480332E+11
 Making tree:   4.25872065E+11
 shrink: nhalomax=      119052
 Making tree:   3.42294561E+11
 Making tree:   1.51233639E+12
 Making tree:   1.51233639E+12
 Making tree:   1.72449871E+12
 Making tree:   1.72449871E+12
 Making tree:   4.38019850E+11
 Making tree:   1.76600187E+12
 Making tree:   1.48304403E+12
 Making tree:   1.68008522E+12
 Making tree:   1.78937266E+12
 Making tree:   9.64953965E+11
 Making tree:   5.71661877E+11
 Making tree:   4.80090423E+11
 shrink: nhalomax=      119015
 Making tree:   2.48365384E+11
 Making tree:   1.26280270E+12
 Making tree:   1.26280270E+12
 Making tree:   1.02870077E+12
 Making tree:   8.95682609E+11
 Making tree:   2.08919829E+12
 Making tree:   2.08919829E+12
 Making tree:   1.15452595E+12
 Making tree:   4.43825258E+11
 Making tree:   1.09186489E+12
 Making tree:   1.43250607E+12
 Making tree:   1.02495997E+12
 Making tree:   9.71105763E+11
 Making tree:   3.57452906E+11
 Making tree:   4.39675453E+11
 shrink: nhalomax=      118978
 Making tree:   1.92818040E+12
 Making tree:   1.92818040E+12
 Making tree:   1.92818040E+12
 Making tree:   1.26698023E+12
 Making tree:   1.94579818E+12
 Making tree:   2.29475274E+12
 Making tree:   2.29475274E+12
 Making tree:   1.37557718E+12
 Making tree:   1.32562970E+12
 Making tree:   9.76541647E+11
 Making tree:   2.40136339E+11
 Making tree:   8.77589955E+11
 Making tree:   2.68975833E+11
 Making tree:   5.07501871E+11
 shrink: nhalomax=      168182
 Making tree:   1.90015288E+12
 Making tree:   1.90015288E+12
 Making tree:   4.44901556E+11
 Making tree:   9.08977897E+11
 Making tree:   6.71510888E+11
 Making tree:   5.43155683E+11
 Making tree:   4.48970555E+11
 Making tree:   2.16195426E+12
 Making tree:   8.40328282E+11
 Making tree:   2.76766130E+11
 Making tree:   1.22272534E+12
 Making tree:   8.67544072E+11
 Making tree:   7.89666595E+11
 Making tree:   1.08592058E+12
 Making tree:   1.07547892E+12
 Making tree:   3.46030211E+11
 Making tree:   1.30875825E+12
 Making tree:   1.57676601E+12
 Making tree:   5.42828954E+11
 Making tree:   9.70001809E+11
 Making tree:   3.52843137E+11
 Making tree:   2.53237068E+11
 shrink: nhalomax=      118904
 Making tree:   3.00507759E+11
 Making tree:   1.47776130E+12
 Making tree:   1.47776130E+12
 Making tree:   2.69642908E+11
 Making tree:   1.49165664E+12
 Making tree:   2.91155935E+11
 Making tree:   6.22023868E+11
 Making tree:   6.04061565E+11
 Making tree:   4.23993672E+11
 Making tree:   4.48364642E+11
 Making tree:   6.79400178E+11
 Making tree:   2.40267674E+11
 Making tree:   2.88079741E+11
 shrink: nhalomax=       84065
 Making tree:   7.39286122E+11
 Making tree:   9.10332199E+11
 Making tree:   9.10332199E+11
 Making tree:   1.89902671E+12
 Making tree:   1.89902671E+12
 Making tree:   1.89902671E+12
 Making tree:   1.18089502E+12
 Making tree:   9.22312507E+11
 Making tree:   4.12176941E+11
 Making tree:   3.35009284E+11
 shrink: nhalomax=      118830
 Making tree:   7.38311143E+11
 Making tree:   8.24600429E+11
 Making tree:   4.13294461E+11
 Making tree:   1.86350030E+12
 Making tree:   1.86350030E+12
 Making tree:   1.86350030E+12
 Making tree:   2.17628672E+12
 Making tree:   1.79533552E+12
 Making tree:   1.15249185E+12
 Making tree:   2.48590172E+11
 Making tree:   9.61768129E+11
 Making tree:   4.14678974E+11
 Making tree:   2.06882800E+12
 Making tree:   5.99268262E+11
 Making tree:   3.26937215E+11
 Making tree:   5.33096333E+11
 Making tree:   4.18351219E+11
 Making tree:   1.49390544E+12
 Making tree:   3.48625666E+11
 Making tree:   1.57308289E+12
 Making tree:   3.97961560E+11
 Making tree:   3.67515927E+11
 shrink: nhalomax=      118793
 Making tree:   3.26627230E+11
 Making tree:   4.12108161E+11
 Making tree:   3.63672076E+11
 Making tree:   2.88886161E+11
 Making tree:   4.25247801E+11
 Making tree:   7.81302825E+11
 Making tree:   2.48598364E+11
 Making tree:   2.54791074E+11
 shrink: nhalomax=       59396
 Making tree:   2.30861160E+11
 Making tree:   5.99198532E+11
 Making tree:   5.99198532E+11
 Making tree:   1.97576963E+12
 Making tree:   1.97576963E+12
 Making tree:   1.97576963E+12
 Making tree:   1.97576963E+12
 Making tree:   6.65987842E+11
 Making tree:   8.05852807E+11
 Making tree:   1.11239469E+12
 Making tree:   1.53639348E+12
 Making tree:   1.24146654E+12
 Making tree:   3.98614004E+11
 Making tree:   3.82888804E+11
 shrink: nhalomax=      118718
 Making tree:   3.42293807E+11
 Making tree:   3.62872766E+11
 Making tree:   5.81162369E+11
 Making tree:   1.89840123E+12
 Making tree:   1.89840123E+12
 Making tree:   1.89840123E+12
 Making tree:   1.40401351E+12
 Making tree:   1.50180266E+12
 Making tree:   6.69188030E+11
 Making tree:   5.28105996E+11
 Making tree:   6.46049104E+11
 Making tree:   2.82170720E+11
 Making tree:   9.01363139E+11
 Making tree:   1.35067350E+12
 Making tree:   1.15381882E+12
 Making tree:   8.17396318E+11
 Making tree:   6.81412788E+11
 Making tree:   5.58013874E+11
 Making tree:   9.92986792E+11
 Making tree:   1.64336671E+12
 Making tree:   2.05282620E+12
 Making tree:   7.71809804E+11
 Making tree:   4.62473396E+11
 Making tree:   1.12447809E+12
 Making tree:   1.96226646E+12
 Making tree:   1.97767096E+12
 Making tree:   2.41227727E+11
 Making tree:   4.33155080E+11
